<?xml version="1.0" encoding="UTF-8"?>
<testsuite name="TestSuite" time="52.528" tests="19" errors="0" skipped="0" failures="0">
  <properties>
    <property name="idea.version" value="15.0.3"/>
    <property name="java.runtime.name" value="Java(TM) SE Runtime Environment"/>
    <property name="sun.boot.library.path" value="/opt/java/jdk1.8.0_60/jre/lib/amd64"/>
    <property name="java.vm.version" value="25.60-b23"/>
    <property name="java.vm.vendor" value="Oracle Corporation"/>
    <property name="java.vendor.url" value="http://java.oracle.com/"/>
    <property name="path.separator" value=":"/>
    <property name="guice.disable.misplaced.annotation.check" value="true"/>
    <property name="java.vm.name" value="Java HotSpot(TM) 64-Bit Server VM"/>
    <property name="file.encoding.pkg" value="sun.io"/>
    <property name="idea.launcher.port" value="7539"/>
    <property name="user.country" value="UA"/>
    <property name="sun.java.launcher" value="SUN_STANDARD"/>
    <property name="sun.os.patch.level" value="unknown"/>
    <property name="java.vm.specification.name" value="Java Virtual Machine Specification"/>
    <property name="user.dir" value="/media/alexander/HDD/Workspace/Projects/QA/maven/ellos-selenium"/>
    <property name="java.runtime.version" value="1.8.0_60-b27"/>
    <property name="java.awt.graphicsenv" value="sun.awt.X11GraphicsEnvironment"/>
    <property name="java.endorsed.dirs" value="/opt/java/jdk1.8.0_60/jre/lib/endorsed"/>
    <property name="os.arch" value="amd64"/>
    <property name="java.io.tmpdir" value="/tmp"/>
    <property name="line.separator" value="&#10;"/>
    <property name="java.vm.specification.vendor" value="Oracle Corporation"/>
    <property name="os.name" value="Linux"/>
    <property name="classworlds.conf" value="/opt/idea-IC-143.1821.5/plugins/maven/lib/maven3/bin/m2.conf"/>
    <property name="sun.jnu.encoding" value="UTF-8"/>
    <property name="java.library.path" value="/opt/idea-IC-143.1821.5/bin::/usr/java/packages/lib/amd64:/usr/lib64:/lib64:/lib:/usr/lib"/>
    <property name="java.specification.name" value="Java Platform API Specification"/>
    <property name="java.class.version" value="52.0"/>
    <property name="sun.management.compiler" value="HotSpot 64-Bit Tiered Compilers"/>
    <property name="os.version" value="3.13.0-77-generic"/>
    <property name="user.home" value="/home/alexander"/>
    <property name="user.timezone" value="Europe/Kiev"/>
    <property name="java.awt.printerjob" value="sun.print.PSPrinterJob"/>
    <property name="java.specification.version" value="1.8"/>
    <property name="idea.launcher.bin.path" value="/opt/idea-IC-143.1821.5/bin"/>
    <property name="file.encoding" value="UTF-8"/>
    <property name="user.name" value="alexander"/>
    <property name="java.class.path" value="/opt/idea-IC-143.1821.5/plugins/maven/lib/maven3/boot/plexus-classworlds-2.4.jar:/opt/idea-IC-143.1821.5/lib/idea_rt.jar"/>
    <property name="java.vm.specification.version" value="1.8"/>
    <property name="sun.arch.data.model" value="64"/>
    <property name="java.home" value="/opt/java/jdk1.8.0_60/jre"/>
    <property name="sun.java.command" value="com.intellij.rt.execution.application.AppMain org.codehaus.classworlds.Launcher -Didea.version=15.0.3 test"/>
    <property name="java.specification.vendor" value="Oracle Corporation"/>
    <property name="user.language" value="ru"/>
    <property name="awt.toolkit" value="sun.awt.X11.XToolkit"/>
    <property name="java.vm.info" value="mixed mode"/>
    <property name="java.version" value="1.8.0_60"/>
    <property name="java.ext.dirs" value="/opt/java/jdk1.8.0_60/jre/lib/ext:/usr/java/packages/lib/ext"/>
    <property name="securerandom.source" value="file:/dev/./urandom"/>
    <property name="sun.boot.class.path" value="/opt/java/jdk1.8.0_60/jre/lib/resources.jar:/opt/java/jdk1.8.0_60/jre/lib/rt.jar:/opt/java/jdk1.8.0_60/jre/lib/sunrsasign.jar:/opt/java/jdk1.8.0_60/jre/lib/jsse.jar:/opt/java/jdk1.8.0_60/jre/lib/jce.jar:/opt/java/jdk1.8.0_60/jre/lib/charsets.jar:/opt/java/jdk1.8.0_60/jre/lib/jfr.jar:/opt/java/jdk1.8.0_60/jre/classes"/>
    <property name="java.vendor" value="Oracle Corporation"/>
    <property name="maven.home" value="/opt/idea-IC-143.1821.5/plugins/maven/lib/maven3"/>
    <property name="file.separator" value="/"/>
    <property name="java.vendor.url.bug" value="http://bugreport.sun.com/bugreport/"/>
    <property name="sun.cpu.endian" value="little"/>
    <property name="sun.io.unicode.encoding" value="UnicodeLittle"/>
    <property name="sun.desktop" value="gnome"/>
    <property name="sun.cpu.isalist" value=""/>
  </properties>
  <testcase name="test1_positiveLogin" classname="tests.LoginTests" time="5.05"/>
  <testcase name="test2_incorrectLogin" classname="tests.LoginTests" time="3.884"/>
  <testcase name="test3_incorrectPassField" classname="tests.LoginTests" time="1.454"/>
  <testcase name="test4_emptyEmailAndPassFields" classname="tests.LoginTests" time="0.981"/>
  <testcase name="test5_emptyEmailField" classname="tests.LoginTests" time="0.595"/>
  <testcase name="test6_emptyPassField" classname="tests.LoginTests" time="0.636"/>
  <testcase name="test1_positiveRegistration" classname="tests.RegistrationTests" time="6.012"/>
  <testcase name="test2_negativeOnlyFirstEmailField" classname="tests.RegistrationTests" time="2.816"/>
  <testcase name="test3_negativeOnlySecondEmailField" classname="tests.RegistrationTests" time="2.827"/>
  <testcase name="test4_negativeOnlyFirstPassField" classname="tests.RegistrationTests" time="2.834"/>
  <testcase name="test5_negativeOnlySecondPassField" classname="tests.RegistrationTests" time="2.535"/>
  <testcase name="test6_negativeOnlyEmailFields" classname="tests.RegistrationTests" time="3.062"/>
  <testcase name="test7_negativeOnlyPassFields" classname="tests.RegistrationTests" time="2.584"/>
  <testcase name="test8_negativeFirstPassFieldEmpty" classname="tests.RegistrationTests" time="2.628"/>
  <testcase name="test9_negativeSecondPassFieldEmpty" classname="tests.RegistrationTests" time="2.857"/>
  <testcase name="test10_negativeFirstEmailFieldEmpty" classname="tests.RegistrationTests" time="2.558"/>
  <testcase name="test11_negativeSecondEmailFieldEmpty" classname="tests.RegistrationTests" time="2.44"/>
  <testcase name="test12_negativeVariousEmailAddress" classname="tests.RegistrationTests" time="3.47"/>
  <testcase name="test13_negativeVariousPassFields" classname="tests.RegistrationTests" time="3.305"/>
</testsuite>