<?xml version="1.0" encoding="UTF-8"?>
<!-- Generated by org.testng.reporters.JUnitReportReporter -->
<testsuite hostname="alexace-pc" name="tests.LoginTests" tests="6" failures="0" timestamp="18 Feb 2016 20:51:30 GMT" time="12.601" errors="0">
  <testcase name="test1_positiveLogin" time="5.050" classname="tests.LoginTests"/>
  <testcase name="test4_emptyEmailAndPassFields" time="0.981" classname="tests.LoginTests"/>
  <testcase name="test6_emptyPassField" time="0.635" classname="tests.LoginTests"/>
  <testcase name="test2_incorrectLogin" time="3.886" classname="tests.LoginTests"/>
  <testcase name="test5_emptyEmailField" time="0.595" classname="tests.LoginTests"/>
  <testcase name="test3_incorrectPassField" time="1.454" classname="tests.LoginTests"/>
</testsuite> <!-- tests.LoginTests -->
